<?xml version="1.0" encoding="UTF-8"?>
<testng-results ignored="1" total="2" passed="1" failed="0" skipped="0">
  <reporter-output>
  </reporter-output>
  <suite started-at="2022-09-09T13:18:57 AEST" name="Default suite" finished-at="2022-09-09T13:19:08 AEST" duration-ms="10281">
    <groups>
    </groups>
    <test started-at="2022-09-09T13:18:57 AEST" name="Default test" finished-at="2022-09-09T13:19:08 AEST" duration-ms="10281">
      <class name="com.demoauto.qa.testcases.LoginPageTest">
        <test-method is-config="true" signature="setup()[pri:0, instance:com.demoauto.qa.testcases.LoginPageTest@53ce1329]" started-at="2022-09-09T13:18:57 AEST" name="setup" finished-at="2022-09-09T13:19:05 AEST" duration-ms="7764" status="PASS">
          <reporter-output>
          </reporter-output>
        </test-method> <!-- setup -->
        <test-method signature="loginPageLoginScenarioTest()[pri:0, instance:com.demoauto.qa.testcases.LoginPageTest@53ce1329]" started-at="2022-09-09T13:19:05 AEST" name="loginPageLoginScenarioTest" finished-at="2022-09-09T13:19:07 AEST" duration-ms="2319" status="PASS">
          <reporter-output>
          </reporter-output>
        </test-method> <!-- loginPageLoginScenarioTest -->
        <test-method is-config="true" signature="tearDown()[pri:0, instance:com.demoauto.qa.testcases.LoginPageTest@53ce1329]" started-at="2022-09-09T13:19:07 AEST" name="tearDown" finished-at="2022-09-09T13:19:08 AEST" duration-ms="167" status="PASS">
          <reporter-output>
          </reporter-output>
        </test-method> <!-- tearDown -->
      </class> <!-- com.demoauto.qa.testcases.LoginPageTest -->
    </test> <!-- Default test -->
  </suite> <!-- Default suite -->
</testng-results>
