<?xml version="1.0" encoding="UTF-8"?>
<!-- Generated by org.testng.reporters.JUnitXMLReporter -->
<testsuite ignored="1" hostname="ARQ66825.local" failures="0" tests="1" name="Default test" time="10.281" errors="0" timestamp="2022-09-09T13:19:08 AEST">
  <testcase classname="com.demoauto.qa.testcases.LoginPageTest" name="loginPageLoginScenarioTest" time="2.319"/>
  <testcase classname="com.demoauto.qa.testcases.LoginPageTest" name="loginPageTitleTest" time="0.0">
    <ignored/>
  </testcase> <!-- loginPageTitleTest -->
</testsuite> <!-- Default test -->
